[main] [ 2013-06-12 10:25:08.010 AMT ] [NetCALogger.initTrace:203]  Oracle Net Configuration Assistant: 13061210AM2506
[main] [ 2013-06-12 10:25:08.015 AMT ] [NetCALogger.initTrace:204]  Oracle Home: D:\app\Alamin\product\11.2.0\client_1
[main] [ 2013-06-12 10:25:08.016 AMT ] [NetCALogger.initTrace:205]  Oracle Base: D:\app\Alamin
[main] [ 2013-06-12 10:25:08.016 AMT ] [NetCALogger.initTrace:206]  Oracle Home Name: OraClient11g_home1
[main] [ 2013-06-12 10:25:08.107 AMT ] [InventoryUtil.getOUIInvSession:347]  setting OUI READ level to ACCESSLEVEL_READ_LOCKLESS
[main] [ 2013-06-12 10:25:08.107 AMT ] [HAUtils.<init>:203]  oui location C:\Program Files (x86)\Oracle\Inventory\ContentsXML
[main] [ 2013-06-12 10:25:08.156 AMT ] [Version.isPre:304]  version to be checked 11.2.0.1.0 major version to check against10
[main] [ 2013-06-12 10:25:08.157 AMT ] [Version.isPre:315]  isPre.java: Returning FALSE
[main] [ 2013-06-12 10:25:08.179 AMT ] [OCR.loadLibrary:308]  
 Inside constructor of OCR
[main] [ 2013-06-12 10:25:08.224 AMT ] [sPlatform.isHybrid:63]  osName=Windows Vista osArch=x86 rc=false
[main] [ 2013-06-12 10:25:08.225 AMT ] [Library.load:240]  Property oracle.installer.library_loc is set to value=D:\app\Alamin\product\11.2.0\client_1\oui\lib\win32
[main] [ 2013-06-12 10:25:08.226 AMT ] [Library.load:242]  Loading  library D:\app\Alamin\product\11.2.0\client_1\oui\lib\win32\orauts.dll
[main] [ 2013-06-12 10:25:08.252 AMT ] [sPlatform.isHybrid:63]  osName=Windows Vista osArch=x86 rc=false
[main] [ 2013-06-12 10:25:08.260 AMT ] [Library.load:240]  Property oracle.installer.library_loc is set to value=D:\app\Alamin\product\11.2.0\client_1\oui\lib\win32
[main] [ 2013-06-12 10:25:08.260 AMT ] [Library.load:242]  Loading  library D:\app\Alamin\product\11.2.0\client_1\oui\lib\win32\orawsec11.dll
[main] [ 2013-06-12 10:25:08.281 AMT ] [sPlatform.isHybrid:63]  osName=Windows Vista osArch=x86 rc=false
[main] [ 2013-06-12 10:25:08.282 AMT ] [Library.load:240]  Property oracle.installer.library_loc is set to value=D:\app\Alamin\product\11.2.0\client_1\oui\lib\win32
[main] [ 2013-06-12 10:25:08.283 AMT ] [Library.load:242]  Loading  library D:\app\Alamin\product\11.2.0\client_1\oui\lib\win32\orasrvm11.dll
[main] [ 2013-06-12 10:25:08.289 AMT ] [OCR.loadLibrary:316]  Going to load the ocr library
[main] [ 2013-06-12 10:25:08.289 AMT ] [sPlatform.isHybrid:63]  osName=Windows Vista osArch=x86 rc=false
[main] [ 2013-06-12 10:25:08.290 AMT ] [sPlatform.isHybrid:63]  osName=Windows Vista osArch=x86 rc=false
[main] [ 2013-06-12 10:25:08.291 AMT ] [Library.load:249]  Loading  library D:\app\Alamin\product\11.2.0\client_1\bin\orasrvmocr11.dll
[main] [ 2013-06-12 10:25:08.292 AMT ] [Library.validateLibVersion:323]  Validating library version of D:\app\Alamin\product\11.2.0\client_1\bin\orasrvmocr11.dll
[main] [ 2013-06-12 10:25:08.314 AMT ] [Library.validateLibVersion:329]  libVer=11.2.0.1

[main] [ 2013-06-12 10:25:08.315 AMT ] [Library.validateLibVersion:343]  Validated version for D:\app\Alamin\product\11.2.0\client_1\bin\orasrvmocr11.dll
[main] [ 2013-06-12 10:25:08.352 AMT ] [OCR.loadLibrary:318]  loaded ocr libraries
[main] [ 2013-06-12 10:25:08.353 AMT ] [OCR.isCluster:939]  Calling OCRNative for isCluster()
[main] [ 2013-06-12 10:25:08.421 AMT ] [OCR.isCluster:943]  OCR Result status = true
[main] [ 2013-06-12 10:25:08.421 AMT ] [OCR.isCluster:955]  Bolean result = false
[main] [ 2013-06-12 10:25:08.426 AMT ] [CmdlineArgs.<init>:110]  Initializing variables array...
[main] [ 2013-06-12 10:25:08.428 AMT ] [CmdlineArgs.<init>:116]  Initializing NetProperties...
[main] [ 2013-06-12 10:25:08.431 AMT ] [CmdlineArgs.initArgs:133]  Initializing command line arguments...
[main] [ 2013-06-12 10:25:08.432 AMT ] [CmdlineArgs.parseLogParam:290]  Parsing /log argument...
[main] [ 2013-06-12 10:25:08.440 AMT ] [CmdlineArgs.parseLogParam:345]  Returning Log File = null
[main] [ 2013-06-12 10:25:08.453 AMT ] [CmdlineArgs.setOraArgs:236]  Setting Oracle arguments...
[main] [ 2013-06-12 10:25:08.453 AMT ] [CmdlineArgs.setOraArgs:240]  Passed Oracle Home = D:\app\Alamin\product\11.2.0\client_1
[main] [ 2013-06-12 10:25:08.454 AMT ] [CmdlineArgs.setOraArgs:243]  Read Oracle Home = D:\app\Alamin\product\11.2.0\client_1
[main] [ 2013-06-12 10:25:08.455 AMT ] [CmdlineArgs.setOraArgs:246]  Read Oracle Home ID = 
[main] [ 2013-06-12 10:25:08.455 AMT ] [CmdlineArgs.setOraArgs:249]  Read Oracle Home Name = OraClient11g_home1
[main] [ 2013-06-12 10:25:08.456 AMT ] [CmdlineArgs.compareOraHome:183]  Comparing Oracle Homes ...
[main] [ 2013-06-12 10:25:08.456 AMT ] [CmdlineArgs.compareOraHome:184]  Oracle Home 1 = D:\app\Alamin\product\11.2.0\client_1
[main] [ 2013-06-12 10:25:08.457 AMT ] [CmdlineArgs.compareOraHome:185]  Oracle Home 2 = D:\app\Alamin\product\11.2.0\client_1
[main] [ 2013-06-12 10:25:08.457 AMT ] [CmdlineArgs.compareOraHome:224]  Returning true
[main] [ 2013-06-12 10:25:08.458 AMT ] [CmdlineArgs.setOraArgs:267]  Setting Oracle Home ID = 
[main] [ 2013-06-12 10:25:08.459 AMT ] [InitialSetup.configureOPS:4519]  Cluster mode is OFF
[main] [ 2013-06-12 10:25:08.459 AMT ] [InitialSetup.<init>:4038]  TNS_ADMIN is: null
[main] [ 2013-06-12 10:25:08.466 AMT ] [OPSUtil.getHomeVersion:446]  Inside getHomeVersion...
[main] [ 2013-06-12 10:25:08.467 AMT ] [OPSUtil.getHomeVersion:447]  oracleHome = D:\app\Alamin\product\11.2.0\client_1
[main] [ 2013-06-12 10:25:08.467 AMT ] [OPSUtil.getHomeVersion:451]  oracle.sysman.assistants.util.OracleHome Object = D:\app\Alamin\product\11.2.0\client_1
[main] [ 2013-06-12 10:25:08.469 AMT ] [OracleHome.getVersion:880]  OracleHome.getVersion called.  Current Version: null
[main] [ 2013-06-12 10:25:08.481 AMT ] [InventoryUtil.getOUIInvSession:347]  setting OUI READ level to ACCESSLEVEL_READ_LOCKLESS
[main] [ 2013-06-12 10:25:08.482 AMT ] [OracleHome.getVersion:899]  Homeinfo D:\app\Alamin\product\11.2.0\client_1,1
[main] [ 2013-06-12 10:25:08.857 AMT ] [OracleHome.getVersion:946]  Current Version From Inventory: null
[main] [ 2013-06-12 10:25:08.857 AMT ] [OracleHome.getVersion:951]  using sqlplus: D:\app\Alamin\product\11.2.0\client_1\bin\sqlplus.exe
[main] [ 2013-06-12 10:25:10.127 AMT ] [OracleHome.getVersion:995]  D:\app\Alamin\product\11.2.0\client_1\bin\sqlplus.exe Banner: 

SQL*Plus: Release 11.2.0.1.0 Production

[main] [ 2013-06-12 10:25:10.128 AMT ] [OracleHome.getVersion:1013]  Current version from sqlplus: 11.2.0.1.0
[main] [ 2013-06-12 10:25:10.129 AMT ] [OPSUtil.getHomeVersion:452]  returning oracleHome Version = 11.2.0.1.0
[main] [ 2013-06-12 10:25:10.129 AMT ] [OracleHome.getVersion:880]  OracleHome.getVersion called.  Current Version: 11.2.0.1.0
[main] [ 2013-06-12 10:25:10.129 AMT ] [OracleHome.getVersion:946]  Current Version From Inventory: 11.2.0.1.0
[main] [ 2013-06-12 10:25:10.130 AMT ] [OracleHome.getVersion:951]  using sqlplus: D:\app\Alamin\product\11.2.0\client_1\bin\sqlplus.exe
[main] [ 2013-06-12 10:25:10.130 AMT ] [InitialSetup.<init>:4051]  Admin location is: D:\app\Alamin\product\11.2.0\client_1\network\admin
[main] [ 2013-06-12 10:25:10.555 AMT ] [ConfigureProfile.setProfileParam:136]  Setting NAMES.DIRECTORY_PATH: (TNSNAMES, EZCONNECT)
[main] [ 2013-06-12 10:25:10.556 AMT ] [ConfigureProfile.setProfileParam:136]  Setting SQLNET.AUTHENTICATION_SERVICES: (NTS)
[main] [ 2013-06-12 10:25:10.557 AMT ] [ConfigureProfile.setDefaultProfileParams:109]  Not setting ADR_BASE: sqlnet.ora already exist!
[main] [ 2013-06-12 10:25:10.579 AMT ] [HAUtils.getHASHome:631]  Oracle home from system properties: D:\app\Alamin\product\11.2.0\client_1
[main] [ 2013-06-12 10:25:10.580 AMT ] [HAUtils.getCRSHome:588]  Getting configured CRS/HAS home for Oracle home ( D:\app\Alamin\product\11.2.0\client_1 ) ...
[main] [ 2013-06-12 10:25:10.591 AMT ] [GETCRSHOMEUtil.<init>:88]  Toolname: getcrshome.exe   ---    Tool location: D:\app\Alamin\product\11.2.0\client_1\binTool dependencies: [Ljava.lang.String;@1385660
[main] [ 2013-06-12 10:25:10.592 AMT ] [CmdToolUtil.doexecute:360]  starting remote exec server on local node src=D:\app\Alamin\product\11.2.0\client_1\bin dest=C:\Users\Alamin\AppData\Local\Temp\
[main] [ 2013-06-12 10:25:10.626 AMT ] [Utils.getLocalHost:356]  Hostname retrieved: TVLLAP19, returned: TVLLAP19
[main] [ 2013-06-12 10:25:10.626 AMT ] [WindowsSystem.startRemoteExecServer:1728]  _WS_: Checking if service is started

[main] [ 2013-06-12 10:25:10.638 AMT ] [Utils.getLocalHost:356]  Hostname retrieved: TVLLAP19, returned: TVLLAP19
[main] [ 2013-06-12 10:25:10.638 AMT ] [WindowsSystem.dorunRemoteExecCmd:2061]  _WS_: Calling windowsNative with cmd: D:\app\Alamin\product\11.2.0\client_1\bin\getcrshome.exe
[main] [ 2013-06-12 10:25:11.665 AMT ] [WindowsSystem.dorunRemoteExecCmd:2064]  _WS_: WinNative returned: true
[main] [ 2013-06-12 10:25:11.668 AMT ] [WindowsSystem.dorunRemoteExecCmd:2078]  _WS_: remote command executed, but didn't return zero.
[main] [ 2013-06-12 10:25:11.669 AMT ] [GETCRSHOMEUtil.getCRS_HOME:147]  cmdTool.execute() failed.
[main] [ 2013-06-12 10:25:11.705 AMT ] [HAUtils.isHASConfigured:364]  Ignoring exception in isHASConfigured: PRCT-1400 : getcrshome execution failed. Detailed error:
localnode
[main] [ 2013-06-12 10:25:11.705 AMT ] [HAUtils.isHASConfigured:365]  oracle.cluster.deployment.ClusterwareInfo.getConfiguredCRSHome(ClusterwareInfo.java:425)
oracle.sysman.assistants.util.hasi.HAUtils.getCRSHome(HAUtils.java:592)
oracle.sysman.assistants.util.hasi.HAUtils.getHASHome(HAUtils.java:652)
oracle.sysman.assistants.util.hasi.HAUtils.isHASConfigured(HAUtils.java:360)
oracle.net.ca.InitialSetup.checkHAConfiguration(NetCA.java:4668)
oracle.net.ca.InitialSetup.<init>(NetCA.java:4085)
oracle.net.ca.NetCA.main(NetCA.java:409)
[main] [ 2013-06-12 10:25:11.706 AMT ] [InitialSetup.checkHAConfiguration:4706]  HA Server is NOT configured.
[main] [ 2013-06-12 10:25:11.709 AMT ] [NetCAResponseFile.<init>:68]  Response file initialized: D:\app\Alamin\product\11.2.0\client_1\network\install\netca_clt.rsp
[main] [ 2013-06-12 10:25:11.712 AMT ] [NetCAResponseFile.getInstalledComponents:107]  Installed components from response file: client, net8
[main] [ 2013-06-12 10:25:11.712 AMT ] [NetCAResponseFile.getVirtualHost:164]  Virtual Host from response file: null
[main] [ 2013-06-12 10:25:11.713 AMT ] [SilentConfigure.performSilentConfigure:174]  Typical profile configuration.
[main] [ 2013-06-12 10:25:11.714 AMT ] [ConfigureProfile.setProfileParam:136]  Setting NAMES.DIRECTORY_PATH: (TNSNAMES, EZCONNECT)
[main] [ 2013-06-12 10:25:11.716 AMT ] [ConfigureProfile.setProfileParam:136]  Setting SQLNET.AUTHENTICATION_SERVICES: (NTS)
[main] [ 2013-06-12 10:25:11.717 AMT ] [ConfigureProfile.setDefaultProfileParams:109]  Not setting ADR_BASE: sqlnet.ora already exist!
